<?xml version="1.0" encoding="UTF-8"?>
<testsuite xmlns:xsi="http://www.w3.org/2001/XMLSchema-instance" xsi:schemaLocation="https://maven.apache.org/surefire/maven-surefire-plugin/xsd/surefire-test-report.xsd" name="TestSuite" time="168.088" tests="5" errors="0" skipped="0" failures="2">
  <properties>
[...]
</properties>
  <testcase name="fmcg" classname="SDWeb" time="42.44">
    <failure message="Timed out after 30 seconds waiting for visibility of [[FirefoxDriver: firefox on WINDOWS (678e0965-af39-4e6e-9a20-ebe4f5321d80)] -&gt; id: add-cart-button-id]&#10;Build info: version: &apos;2.53.0&apos;, revision: &apos;35ae25b1534ae328c771e0856c93e187490ca824&apos;, time: &apos;2016-03-15 10:43:46&apos;&#10;System info: host: &apos;L-8YSWH32&apos;, ip: &apos;10.20.73.106&apos;, os.name: &apos;Windows 7&apos;, os.arch: &apos;amd64&apos;, os.version: &apos;6.1&apos;, java.version: &apos;1.7.0_79&apos;&#10;Session ID: 678e0965-af39-4e6e-9a20-ebe4f5321d80&#10;Driver info: org.openqa.selenium.firefox.FirefoxDriver&#10;Capabilities [{platform=WINDOWS, acceptSslCerts=true, javascriptEnabled=true, cssSelectorsEnabled=true, databaseEnabled=true, browserName=firefox, handlesAlerts=true, nativeEvents=false, webStorageEnabled=true, rotatable=false, locationContextEnabled=true, applicationCacheEnabled=true, takesScreenshot=true, version=45.0.2}]" type="org.openqa.selenium.TimeoutException">org.openqa.selenium.TimeoutException: 
Timed out after 30 seconds waiting for visibility of [[FirefoxDriver: firefox on WINDOWS (678e0965-af39-4e6e-9a20-ebe4f5321d80)] -> id: add-cart-button-id]
Build info: version: '2.53.0', revision: '35ae25b1534ae328c771e0856c93e187490ca824', time: '2016-03-15 10:43:46'
System info: host: 'L-8YSWH32', ip: '10.20.73.106', os.name: 'Windows 7', os.arch: 'amd64', os.version: '6.1', java.version: '1.7.0_79'
Session ID: 678e0965-af39-4e6e-9a20-ebe4f5321d80
Driver info: org.openqa.selenium.firefox.FirefoxDriver
Capabilities [{platform=WINDOWS, acceptSslCerts=true, javascriptEnabled=true, cssSelectorsEnabled=true, databaseEnabled=true, browserName=firefox, handlesAlerts=true, nativeEvents=false, webStorageEnabled=true, rotatable=false, locationContextEnabled=true, applicationCacheEnabled=true, takesScreenshot=true, version=45.0.2}]
	at SDWeb.fmcg(SDWeb.java:168)
</failure>
  </testcase>
  <testcase name="bundle" classname="SDWeb" time="12.323"/>
  <testcase name="sdgold" classname="SDWeb" time="35.843"/>
  <testcase name="buyflow" classname="SDWeb" time="13.93"/>
  <testcase name="changeaddress" classname="SDWeb" time="42.877">
    <failure message="Timed out after 30 seconds waiting for visibility of Proxy element for: DefaultElementLocator &apos;By.xpath: //*[@id=&apos;addr2Info&apos;]/span&apos;&#10;Build info: version: &apos;2.53.0&apos;, revision: &apos;35ae25b1534ae328c771e0856c93e187490ca824&apos;, time: &apos;2016-03-15 10:43:46&apos;&#10;System info: host: &apos;L-8YSWH32&apos;, ip: &apos;10.20.73.106&apos;, os.name: &apos;Windows 7&apos;, os.arch: &apos;amd64&apos;, os.version: &apos;6.1&apos;, java.version: &apos;1.7.0_79&apos;&#10;Session ID: 678e0965-af39-4e6e-9a20-ebe4f5321d80&#10;Driver info: org.openqa.selenium.firefox.FirefoxDriver&#10;Capabilities [{platform=WINDOWS, acceptSslCerts=true, javascriptEnabled=true, cssSelectorsEnabled=true, databaseEnabled=true, browserName=firefox, handlesAlerts=true, nativeEvents=false, webStorageEnabled=true, rotatable=false, locationContextEnabled=true, applicationCacheEnabled=true, takesScreenshot=true, version=45.0.2}]" type="org.openqa.selenium.TimeoutException">org.openqa.selenium.TimeoutException: 
Timed out after 30 seconds waiting for visibility of Proxy element for: DefaultElementLocator 'By.xpath: //*[@id='addr2Info']/span'
Build info: version: '2.53.0', revision: '35ae25b1534ae328c771e0856c93e187490ca824', time: '2016-03-15 10:43:46'
System info: host: 'L-8YSWH32', ip: '10.20.73.106', os.name: 'Windows 7', os.arch: 'amd64', os.version: '6.1', java.version: '1.7.0_79'
Session ID: 678e0965-af39-4e6e-9a20-ebe4f5321d80
Driver info: org.openqa.selenium.firefox.FirefoxDriver
Capabilities [{platform=WINDOWS, acceptSslCerts=true, javascriptEnabled=true, cssSelectorsEnabled=true, databaseEnabled=true, browserName=firefox, handlesAlerts=true, nativeEvents=false, webStorageEnabled=true, rotatable=false, locationContextEnabled=true, applicationCacheEnabled=true, takesScreenshot=true, version=45.0.2}]
	at SDWeb.changeaddress(SDWeb.java:123)
Caused by: org.openqa.selenium.NoSuchElementException: 
Unable to locate element: {"method":"xpath","selector":"//*[@id='addr2Info']/span"}
Command duration or timeout: 58 milliseconds
For documentation on this error, please visit: http://seleniumhq.org/exceptions/no_such_element.html
Build info: version: '2.53.0', revision: '35ae25b1534ae328c771e0856c93e187490ca824', time: '2016-03-15 10:43:46'
System info: host: 'L-8YSWH32', ip: '10.20.73.106', os.name: 'Windows 7', os.arch: 'amd64', os.version: '6.1', java.version: '1.7.0_79'
*** Element info: {Using=xpath, value=//*[@id='addr2Info']/span}
Session ID: 678e0965-af39-4e6e-9a20-ebe4f5321d80
Driver info: org.openqa.selenium.firefox.FirefoxDriver
Capabilities [{platform=WINDOWS, acceptSslCerts=true, javascriptEnabled=true, cssSelectorsEnabled=true, databaseEnabled=true, browserName=firefox, handlesAlerts=true, nativeEvents=false, webStorageEnabled=true, rotatable=false, locationContextEnabled=true, applicationCacheEnabled=true, takesScreenshot=true, version=45.0.2}]
	at SDWeb.changeaddress(SDWeb.java:123)
Caused by: org.openqa.selenium.NoSuchElementException: 
Unable to locate element: {"method":"xpath","selector":"//*[@id='addr2Info']/span"}
For documentation on this error, please visit: http://seleniumhq.org/exceptions/no_such_element.html
Build info: version: '2.53.0', revision: '35ae25b1534ae328c771e0856c93e187490ca824', time: '2016-03-15 10:43:46'
System info: host: 'L-8YSWH32', ip: '10.20.73.106', os.name: 'Windows 7', os.arch: 'amd64', os.version: '6.1', java.version: '1.7.0_79'
Driver info: driver.version: unknown
</failure>
  </testcase>
</testsuite>